::1 - - [07/Apr/2019:19:01:56 +0000] "GET /grades/iq95m0h HTTP/1.1" 200 -
::1 - - [07/Apr/2019:19:02:02 +0000] "GET /grades HTTP/1.1" 200 66
::1 - - [07/Apr/2019:19:02:19 +0000] "DELETE /grades/ybyr15o HTTP/1.1" 200 4
::1 - - [07/Apr/2019:19:02:26 +0000] "GET /grades HTTP/1.1" 200 66
::1 - - [07/Apr/2019:19:02:33 +0000] "GET /grades HTTP/1.1" 200 66
::1 - - [07/Apr/2019:19:02:40 +0000] "DELETE /grades/ybyr15o HTTP/1.1" 200 4
::1 - - [07/Apr/2019:19:02:43 +0000] "GET /grades/ybyr15o HTTP/1.1" 200 64
::1 - - [07/Apr/2019:19:02:49 +0000] "GET /grades HTTP/1.1" 200 66
::1 - - [07/Apr/2019:19:03:21 +0000] "GET /grades HTTP/1.1" 200 66
::1 - - [07/Apr/2019:19:03:28 +0000] "DELETE /grades/esmfr4t HTTP/1.1" 200 4
::1 - - [07/Apr/2019:19:04:31 +0000] "GET /grades/ HTTP/1.1" 200 66
::1 - - [07/Apr/2019:19:04:35 +0000] "GET /grades/n57bf38 HTTP/1.1" 200 64
::1 - - [07/Apr/2019:19:04:39 +0000] "DELETE /grades/n57bf38 HTTP/1.1" 200 4
::1 - - [07/Apr/2019:19:05:17 +0000] "GET /grades/ HTTP/1.1" 200 66
::1 - - [07/Apr/2019:19:05:24 +0000] "DELETE /grades/j0keakk HTTP/1.1" 200 4
::1 - - [07/Apr/2019:19:05:54 +0000] "GET /grades HTTP/1.1" 200 66
::1 - - [07/Apr/2019:19:06:00 +0000] "GET /grades/w79mb79 HTTP/1.1" 200 64
::1 - - [07/Apr/2019:19:06:03 +0000] "DELETE /grades/w79mb79 HTTP/1.1" 200 4
::1 - - [07/Apr/2019:19:06:43 +0000] "GET /grades HTTP/1.1" 200 66
::1 - - [07/Apr/2019:19:06:47 +0000] "GET /grades/o9sukmt HTTP/1.1" 200 64
::1 - - [07/Apr/2019:19:06:51 +0000] "DELETE /grades/o9sukmt HTTP/1.1" 200 4
::1 - - [07/Apr/2019:19:07:21 +0000] "GET /grades/ HTTP/1.1" 200 66
::1 - - [07/Apr/2019:19:07:27 +0000] "DELETE /grades/2vsknr1 HTTP/1.1" 200 4
::1 - - [07/Apr/2019:19:08:25 +0000] "GET /grades/ HTTP/1.1" 200 66
::1 - - [07/Apr/2019:19:08:42 +0000] "POST /grades/ HTTP/1.1" 200 65
::1 - - [07/Apr/2019:19:08:46 +0000] "GET /grades/ HTTP/1.1" 200 132
::1 - - [07/Apr/2019:19:08:51 +0000] "GET /grades/r0ncwn3 HTTP/1.1" 200 65
::1 - - [07/Apr/2019:19:08:56 +0000] "DELETE /grades/r0ncwn3 HTTP/1.1" 200 4
::1 - - [07/Apr/2019:19:08:59 +0000] "GET /grades/r0ncwn3 HTTP/1.1" 200 -
::1 - - [07/Apr/2019:19:09:04 +0000] "GET /grades/ HTTP/1.1" 200 66
::1 - - [07/Apr/2019:19:09:12 +0000] "PUT /grades/cuujaiu HTTP/1.1" 200 4
::1 - - [07/Apr/2019:19:09:15 +0000] "GET /grades/cuujaiu HTTP/1.1" 200 65
::1 - - [07/Apr/2019:19:09:18 +0000] "GET /grades HTTP/1.1" 200 67
::1 - - [07/Apr/2019:19:09:24 +0000] "POST /grades HTTP/1.1" 400 1012
